INFO:root:***VARNING File: </mnt/Delad/Bilder/Nya/Vendela 2017021/IMG_1177.PNG> Status: <fail>, Errcode: <5>, Msg: <Filetype was not recognised> ***
INFO:root:---xml info---
INFO:root:<?xml version="1.0" ?><rsp stat="fail">
	<err code="5" msg="Filetype was not recognised"/>
</rsp>
INFO:root:***VARNING File: </mnt/Delad/Bilder/Nya/Vendela 2017021/IMG_0422.JPG> Status: <fail>, Errcode: <5>, Msg: <Filetype was not recognised> ***
INFO:root:---xml info---
INFO:root:<?xml version="1.0" ?><rsp stat="fail">
	<err code="5" msg="Filetype was not recognised"/>
</rsp>
INFO:root:***VARNING File: </mnt/Delad/Bilder/Nya/Vendela 2017021/IMG_1055.JPG> Status: <fail>, Errcode: <5>, Msg: <Filetype was not recognised> ***
INFO:root:---xml info---
INFO:root:<?xml version="1.0" ?><rsp stat="fail">
	<err code="5" msg="Filetype was not recognised"/>
</rsp>
INFO:root:***VARNING File: </mnt/Delad/Bilder/Nya/Vendela 2017021/IMG_1713.JPG> Status: <fail>, Errcode: <5>, Msg: <Filetype was not recognised> ***
INFO:root:---xml info---
INFO:root:<?xml version="1.0" ?><rsp stat="fail">
	<err code="5" msg="Filetype was not recognised"/>
</rsp>
INFO:root:***VARNING File: </mnt/Delad/Bilder/Nya/Vendela 2017021/IMG_0904.JPG> Status: <fail>, Errcode: <5>, Msg: <Filetype was not recognised> ***
INFO:root:---xml info---
INFO:root:<?xml version="1.0" ?><rsp stat="fail">
	<err code="5" msg="Filetype was not recognised"/>
</rsp>
INFO:root:***VARNING File: </mnt/Delad/Bilder/Nya/Vendela 2017021/IMG_0460.JPG> Status: <fail>, Errcode: <5>, Msg: <Filetype was not recognised> ***
INFO:root:---xml info---
INFO:root:<?xml version="1.0" ?><rsp stat="fail">
	<err code="5" msg="Filetype was not recognised"/>
</rsp>
INFO:root:***VARNING File: </mnt/Delad/Bilder/Nya/Vendela 2017021/IMG_1616.JPG> Status: <fail>, Errcode: <5>, Msg: <Filetype was not recognised> ***
INFO:root:---xml info---
INFO:root:<?xml version="1.0" ?><rsp stat="fail">
	<err code="5" msg="Filetype was not recognised"/>
</rsp>
INFO:root:***VARNING File: </mnt/Delad/Bilder/Nya/Vendela 2017021/IMG_1676.JPG> Status: <fail>, Errcode: <5>, Msg: <Filetype was not recognised> ***
INFO:root:---xml info---
INFO:root:<?xml version="1.0" ?><rsp stat="fail">
	<err code="5" msg="Filetype was not recognised"/>
</rsp>
INFO:root:***VARNING File: </mnt/Delad/Bilder/Nya/Vendela 2017021/IMG_0630.PNG> Status: <fail>, Errcode: <5>, Msg: <Filetype was not recognised> ***
INFO:root:---xml info---
INFO:root:<?xml version="1.0" ?><rsp stat="fail">
	<err code="5" msg="Filetype was not recognised"/>
</rsp>
INFO:root:***VARNING File: </mnt/Delad/Bilder/Nya/Vendela 2017021/IMG_2085.JPG> Status: <fail>, Errcode: <5>, Msg: <Filetype was not recognised> ***
INFO:root:---xml info---
INFO:root:<?xml version="1.0" ?><rsp stat="fail">
	<err code="5" msg="Filetype was not recognised"/>
</rsp>
INFO:root:***VARNING File: </mnt/Delad/Bilder/Nya/Vendela 2017021/IMG_2033.JPG> Status: <fail>, Errcode: <5>, Msg: <Filetype was not recognised> ***
INFO:root:---xml info---
INFO:root:<?xml version="1.0" ?><rsp stat="fail">
	<err code="5" msg="Filetype was not recognised"/>
</rsp>
INFO:root:***VARNING File: </mnt/Delad/Bilder/Nya/Vendela 2017021/IMG_2830.JPG> Status: <fail>, Errcode: <5>, Msg: <Filetype was not recognised> ***
INFO:root:---xml info---
INFO:root:<?xml version="1.0" ?><rsp stat="fail">
	<err code="5" msg="Filetype was not recognised"/>
</rsp>
INFO:root:***VARNING File: </mnt/Delad/Bilder/Nya/Vendela 2017021/IMG_2043.JPG> Status: <fail>, Errcode: <5>, Msg: <Filetype was not recognised> ***
INFO:root:---xml info---
INFO:root:<?xml version="1.0" ?><rsp stat="fail">
	<err code="5" msg="Filetype was not recognised"/>
</rsp>
INFO:root:***VARNING File: </mnt/Delad/Bilder/Nya/Vendela 2017021/IMG_3128.PNG> Status: <fail>, Errcode: <5>, Msg: <Filetype was not recognised> ***
INFO:root:---xml info---
INFO:root:<?xml version="1.0" ?><rsp stat="fail">
	<err code="5" msg="Filetype was not recognised"/>
</rsp>
INFO:root:***VARNING File: </mnt/Delad/Bilder/Nya/Vendela 2017021/IMG_3180.JPG> Status: <fail>, Errcode: <5>, Msg: <Filetype was not recognised> ***
INFO:root:---xml info---
INFO:root:<?xml version="1.0" ?><rsp stat="fail">
	<err code="5" msg="Filetype was not recognised"/>
</rsp>
INFO:root:***VARNING File: </mnt/Delad/Bilder/Nya/Vendela 2017021/IMG_2481.PNG> Status: <fail>, Errcode: <5>, Msg: <Filetype was not recognised> ***
INFO:root:---xml info---
INFO:root:<?xml version="1.0" ?><rsp stat="fail">
	<err code="5" msg="Filetype was not recognised"/>
</rsp>
INFO:root:***VARNING File: </mnt/Delad/Bilder/Nya/Vendela 2017021/IMG_2591.JPG> Status: <fail>, Errcode: <5>, Msg: <Filetype was not recognised> ***
INFO:root:---xml info---
INFO:root:<?xml version="1.0" ?><rsp stat="fail">
	<err code="5" msg="Filetype was not recognised"/>
</rsp>
INFO:root:***VARNING File: </mnt/Delad/Bilder/Nya/Vendela 2017021/IMG_2592.JPG> Status: <fail>, Errcode: <5>, Msg: <Filetype was not recognised> ***
INFO:root:---xml info---
INFO:root:<?xml version="1.0" ?><rsp stat="fail">
	<err code="5" msg="Filetype was not recognised"/>
</rsp>
INFO:root:***VARNING File: </mnt/Delad/Bilder/Nya/Vendela 2017021/IMG_3192.JPG> Status: <fail>, Errcode: <5>, Msg: <Filetype was not recognised> ***
INFO:root:---xml info---
INFO:root:<?xml version="1.0" ?><rsp stat="fail">
	<err code="5" msg="Filetype was not recognised"/>
</rsp>
INFO:root:***VARNING File: </mnt/Delad/Bilder/Nya/Vendela 2017021/IMG_2499.PNG> Status: <fail>, Errcode: <5>, Msg: <Filetype was not recognised> ***
INFO:root:---xml info---
INFO:root:<?xml version="1.0" ?><rsp stat="fail">
	<err code="5" msg="Filetype was not recognised"/>
</rsp>
INFO:root:***VARNING File: </mnt/Delad/Bilder/Nya/Vendela 2017021/IMG_2794.JPG> Status: <fail>, Errcode: <5>, Msg: <Filetype was not recognised> ***
INFO:root:---xml info---
INFO:root:<?xml version="1.0" ?><rsp stat="fail">
	<err code="5" msg="Filetype was not recognised"/>
</rsp>
INFO:root:***VARNING File: </mnt/Delad/Bilder/Nya/Vendela 2017021/IMG_3106.JPG> Status: <fail>, Errcode: <5>, Msg: <Filetype was not recognised> ***
INFO:root:---xml info---
INFO:root:<?xml version="1.0" ?><rsp stat="fail">
	<err code="5" msg="Filetype was not recognised"/>
</rsp>
INFO:root:***VARNING File: </mnt/Delad/Bilder/Nya/Vendela 2017021/IMG_3495.JPG> Status: <fail>, Errcode: <5>, Msg: <Filetype was not recognised> ***
INFO:root:---xml info---
INFO:root:<?xml version="1.0" ?><rsp stat="fail">
	<err code="5" msg="Filetype was not recognised"/>
</rsp>
INFO:root:***VARNING File: </mnt/Delad/Bilder/Nya/Vendela 2017021/IMG_2569.JPG> Status: <fail>, Errcode: <5>, Msg: <Filetype was not recognised> ***
INFO:root:---xml info---
INFO:root:<?xml version="1.0" ?><rsp stat="fail">
	<err code="5" msg="Filetype was not recognised"/>
</rsp>
INFO:root:***VARNING File: </mnt/Delad/Bilder/Nya/Vendela 2017021/IMG_3934.JPG> Status: <fail>, Errcode: <5>, Msg: <Filetype was not recognised> ***
INFO:root:---xml info---
INFO:root:<?xml version="1.0" ?><rsp stat="fail">
	<err code="5" msg="Filetype was not recognised"/>
</rsp>
INFO:root:***VARNING File: </mnt/Delad/Bilder/Nya/Vendela 2017021/IMG_4228.JPG> Status: <fail>, Errcode: <5>, Msg: <Filetype was not recognised> ***
INFO:root:---xml info---
INFO:root:<?xml version="1.0" ?><rsp stat="fail">
	<err code="5" msg="Filetype was not recognised"/>
</rsp>
INFO:root:***VARNING File: </mnt/Delad/Bilder/Nya/Vendela 2017021/IMG_3337.PNG> Status: <fail>, Errcode: <5>, Msg: <Filetype was not recognised> ***
INFO:root:---xml info---
INFO:root:<?xml version="1.0" ?><rsp stat="fail">
	<err code="5" msg="Filetype was not recognised"/>
</rsp>
INFO:root:***VARNING File: </mnt/Delad/Bilder/Nya/Vendela 2017021/IMG_4008.JPG> Status: <fail>, Errcode: <5>, Msg: <Filetype was not recognised> ***
INFO:root:---xml info---
INFO:root:<?xml version="1.0" ?><rsp stat="fail">
	<err code="5" msg="Filetype was not recognised"/>
</rsp>
INFO:root:***VARNING File: </mnt/Delad/Bilder/Nya/Vendela 2017021/IMG_4126.JPG> Status: <fail>, Errcode: <5>, Msg: <Filetype was not recognised> ***
INFO:root:---xml info---
INFO:root:<?xml version="1.0" ?><rsp stat="fail">
	<err code="5" msg="Filetype was not recognised"/>
</rsp>
INFO:root:***VARNING File: </mnt/Delad/Bilder/Nya/Vendela 2017021/IMG_3642.JPG> Status: <fail>, Errcode: <5>, Msg: <Filetype was not recognised> ***
INFO:root:---xml info---
INFO:root:<?xml version="1.0" ?><rsp stat="fail">
	<err code="5" msg="Filetype was not recognised"/>
</rsp>
INFO:root:***VARNING File: </mnt/Delad/Bilder/Nya/Vendela 2017021/IMG_3361.JPG> Status: <fail>, Errcode: <5>, Msg: <Filetype was not recognised> ***
INFO:root:---xml info---
INFO:root:<?xml version="1.0" ?><rsp stat="fail">
	<err code="5" msg="Filetype was not recognised"/>
</rsp>
INFO:root:***VARNING File: </mnt/Delad/Bilder/Nya/Vendela 2017021/IMG_5025.PNG> Status: <fail>, Errcode: <5>, Msg: <Filetype was not recognised> ***
INFO:root:---xml info---
INFO:root:<?xml version="1.0" ?><rsp stat="fail">
	<err code="5" msg="Filetype was not recognised"/>
</rsp>
INFO:root:***VARNING File: </mnt/Delad/Bilder/Nya/Vendela 2017021/IMG_2291.PNG> Status: <fail>, Errcode: <5>, Msg: <Filetype was not recognised> ***
INFO:root:---xml info---
INFO:root:<?xml version="1.0" ?><rsp stat="fail">
	<err code="5" msg="Filetype was not recognised"/>
</rsp>
INFO:root:***VARNING File: </mnt/Delad/Bilder/Nya/Vendela 2017021/IMG_4347.JPG> Status: <fail>, Errcode: <5>, Msg: <Filetype was not recognised> ***
INFO:root:---xml info---
INFO:root:<?xml version="1.0" ?><rsp stat="fail">
	<err code="5" msg="Filetype was not recognised"/>
</rsp>
INFO:root:***VARNING File: </mnt/Delad/Bilder/Nya/Vendela 2017021/IMG_5873.JPG> Status: <fail>, Errcode: <5>, Msg: <Filetype was not recognised> ***
INFO:root:---xml info---
INFO:root:<?xml version="1.0" ?><rsp stat="fail">
	<err code="5" msg="Filetype was not recognised"/>
</rsp>
INFO:root:***VARNING File: </mnt/Delad/Bilder/Nya/Vendela 2017021/IMG_5048.PNG> Status: <fail>, Errcode: <5>, Msg: <Filetype was not recognised> ***
INFO:root:---xml info---
INFO:root:<?xml version="1.0" ?><rsp stat="fail">
	<err code="5" msg="Filetype was not recognised"/>
</rsp>
INFO:root:***VARNING File: </mnt/Delad/Bilder/Nya/Vendela 2017021/IMG_5890.JPG> Status: <fail>, Errcode: <5>, Msg: <Filetype was not recognised> ***
INFO:root:---xml info---
INFO:root:<?xml version="1.0" ?><rsp stat="fail">
	<err code="5" msg="Filetype was not recognised"/>
</rsp>
INFO:root:***VARNING File: </mnt/Delad/Bilder/Nya/Vendela 2017021/IMG_5311.PNG> Status: <fail>, Errcode: <5>, Msg: <Filetype was not recognised> ***
INFO:root:---xml info---
INFO:root:<?xml version="1.0" ?><rsp stat="fail">
	<err code="5" msg="Filetype was not recognised"/>
</rsp>
INFO:root:***VARNING File: </mnt/Delad/Bilder/Nya/Vendela 2017021/IMG_5320.PNG> Status: <fail>, Errcode: <5>, Msg: <Filetype was not recognised> ***
INFO:root:---xml info---
INFO:root:<?xml version="1.0" ?><rsp stat="fail">
	<err code="5" msg="Filetype was not recognised"/>
</rsp>
INFO:root:***VARNING File: </mnt/Delad/Bilder/Nya/Vendela 2017021/IMG_5971.JPG> Status: <fail>, Errcode: <5>, Msg: <Filetype was not recognised> ***
INFO:root:---xml info---
INFO:root:<?xml version="1.0" ?><rsp stat="fail">
	<err code="5" msg="Filetype was not recognised"/>
</rsp>
INFO:root:***VARNING File: </mnt/Delad/Bilder/Nya/Vendela 2017021/IMG_6306.JPG> Status: <fail>, Errcode: <5>, Msg: <Filetype was not recognised> ***
INFO:root:---xml info---
INFO:root:<?xml version="1.0" ?><rsp stat="fail">
	<err code="5" msg="Filetype was not recognised"/>
</rsp>
INFO:root:***VARNING File: </mnt/Delad/Bilder/Nya/Vendela 2017021/IMG_6100.PNG> Status: <fail>, Errcode: <5>, Msg: <Filetype was not recognised> ***
INFO:root:---xml info---
INFO:root:<?xml version="1.0" ?><rsp stat="fail">
	<err code="5" msg="Filetype was not recognised"/>
</rsp>
